#
# A fatal error has been detected by the Java Runtime Environment:
#
#  EXCEPTION_ACCESS_VIOLATION (0xc0000005) at pc=0x00007ffa355aacfa, pid=13480, tid=12320
#
# JRE version: OpenJDK Runtime Environment (14.0.1+7) (build 14.0.1+7)
# Java VM: OpenJDK 64-Bit Server VM (14.0.1+7, mixed mode, sharing, tiered, compressed oops, g1 gc, windows-amd64)
# Problematic frame:
# V  [jvm.dll+0x32acfa]
#
# No core dump will be written. Minidumps are not enabled by default on client versions of Windows
#
# If you would like to submit a bug report, please visit:
#   https://bugreport.java.com/bugreport/crash.jsp
#

---------------  S U M M A R Y ------------

Command Line: -Dcom.sun.management.jmxremote -Dcom.sun.management.jmxremote.port=55329 -Dcom.sun.management.jmxremote.authenticate=false -Dcom.sun.management.jmxremote.ssl=false -Djava.rmi.server.hostname=localhost -Dspring.jmx.enabled=true -Dspring.application.admin.enabled=true -Xverify:none -XX:TieredStopAtLevel=1 -Dfile.encoding=UTF-8 com.app.SpringbootJasperReportApplication --spring.output.ansi.enabled=always

Host: Intel(R) Core(TM) i5-8265U CPU @ 1.60GHz, 8 cores, 7G,  Windows 10 , 64 bit Build 18362 (10.0.18362.329)
Time: Thu May 28 14:55:03 2020 India Standard Time elapsed time: 81850 seconds (0d 22h 44m 10s)

---------------  T H R E A D  ---------------

Current thread (0x0000025fae7d8800):  JavaThread "HikariPool-1 connection adder" daemon [_thread_in_vm, id=12320, stack(0x000000e681800000,0x000000e681900000)]

Stack: [0x000000e681800000,0x000000e681900000],  sp=0x000000e6818fa090,  free space=1000k
Native frames: (J=compiled Java code, j=interpreted, Vv=VM code, C=native code)
V  [jvm.dll+0x32acfa]
V  [jvm.dll+0x32c152]
V  [jvm.dll+0x4f0766]
V  [jvm.dll+0x4f0bbd]
V  [jvm.dll+0x1069b3]
V  [jvm.dll+0x65e444]
V  [jvm.dll+0x661c1d]
V  [jvm.dll+0x661656]
V  [jvm.dll+0x661769]
C  0x0000025f96c0ad8c

Java frames: (J=compiled Java code, j=interpreted, Vv=VM code)
v  ~RuntimeStub::resolve_opt_virtual_call
J 8076 c1 com.zaxxer.hikari.pool.PoolBase.newConnection()Ljava/sql/Connection; (188 bytes) @ 0x0000025f980986bc [0x0000025f98098300+0x00000000000003bc]
J 8074 c1 com.zaxxer.hikari.pool.HikariPool.createPoolEntry()Lcom/zaxxer/hikari/pool/PoolEntry; (141 bytes) @ 0x0000025f98097294 [0x0000025f980971c0+0x00000000000000d4]
J 7753 c1 com.zaxxer.hikari.pool.HikariPool$PoolEntryCreator.call()Ljava/lang/Boolean; (139 bytes) @ 0x0000025f97ff5f84 [0x0000025f97ff5ee0+0x00000000000000a4]
J 7752 c1 com.zaxxer.hikari.pool.HikariPool$PoolEntryCreator.call()Ljava/lang/Object; (5 bytes) @ 0x0000025f97ff5b74 [0x0000025f97ff5b20+0x0000000000000054]
J 7409 c1 java.util.concurrent.FutureTask.run()V java.base@ (123 bytes) @ 0x0000025f97f6d424 [0x0000025f97f6d280+0x00000000000001a4]
J 7393 c1 java.util.concurrent.ThreadPoolExecutor.runWorker(Ljava/util/concurrent/ThreadPoolExecutor$Worker;)V java.base@ (187 bytes) @ 0x0000025f97f6628c [0x0000025f97f65fe0+0x00000000000002ac]
J 7883 c1 java.util.concurrent.ThreadPoolExecutor$Worker.run()V java.base@ (9 bytes) @ 0x0000025f98031004 [0x0000025f98030fa0+0x0000000000000064]
J 7861 c1 java.lang.Thread.run()V java.base@ (17 bytes) @ 0x0000025f98022a0c [0x0000025f980229a0+0x000000000000006c]
v  ~StubRoutines::call_stub

siginfo: EXCEPTION_ACCESS_VIOLATION (0xc0000005), reading address 0x0000000000000040


Register to memory mapping:

RIP=0x00007ffa355aacfa jvm.dll
RAX=0x0 is NULL
RBX=0x0000000800588ed8 is pointing into metadata
RCX=0x0 is NULL
RDX=0x000000000000000b is an unknown value
RSP=0x000000e6818fa090 is pointing into the stack for thread: 0x0000025fae7d8800
RBP=0x0 is NULL
RSI=0x0000000000000001 is an unknown value
RDI=0x000000e6818fa2f0 is pointing into the stack for thread: 0x0000025fae7d8800
R8 =0x000000000000000f is an unknown value
R9 =0x000000080040c7c0 is pointing into metadata
R10=0x0000000800422d38 is pointing into metadata
R11=0x0000000000000008 is an unknown value
R12=0x000000080040dce8 is pointing into metadata
R13=0x00000008000253d0 is a pointer to class: 
java.lang.Enum {0x00000008000253d8}
R14=0x0000000800588ed8 is pointing into metadata
R15=0x0000000800422d38 is pointing into metadata


Registers:
RAX=0x0000000000000000, RBX=0x0000000800588ed8, RCX=0x0000000000000000, RDX=0x000000000000000b
RSP=0x000000e6818fa090, RBP=0x0000000000000000, RSI=0x0000000000000001, RDI=0x000000e6818fa2f0
R8 =0x000000000000000f, R9 =0x000000080040c7c0, R10=0x0000000800422d38, R11=0x0000000000000008
R12=0x000000080040dce8, R13=0x00000008000253d0, R14=0x0000000800588ed8, R15=0x0000000800422d38
RIP=0x00007ffa355aacfa, EFLAGS=0x0000000000010203

Top of Stack: (sp=0x000000e6818fa090)
0x000000e6818fa090:   0000000000000000 00007ffa355ac152
0x000000e6818fa0a0:   0000025fae362ca0 00007ffa3534a133
0x000000e6818fa0b0:   000000e6818fa280 0000000000000000
0x000000e6818fa0c0:   0000000800422d38 0000000800246e70
0x000000e6818fa0d0:   000000080040dce8 0000000000000000
0x000000e6818fa0e0:   000000e6818fa2f0 00007ffa35770766
0x000000e6818fa0f0:   0000000000000000 000000e6818fa1f0
0x000000e6818fa100:   0000025fae7d8800 00007ffa357bc3c2
0x000000e6818fa110:   000000e600000000 00007ffa3534b893
0x000000e6818fa120:   000000e6818fa280 0000025f97615a38
0x000000e6818fa130:   0000025fae363048 0000025fae362ca0
0x000000e6818fa140:   000000e6818fa280 00007ffa35450101
0x000000e6818fa150:   0000025fae362ca0 0000025fae362c60
0x000000e6818fa160:   000000e6818fa1e0 00000000000003d8
0x000000e6818fa170:   0000025fb188b3e0 00007ffa35598463
0x000000e6818fa180:   0000025fad45f7a8 0000025fae362c60 

Instructions: (pc=0x00007ffa355aacfa)
0x00007ffa355aabfa:   00 00 00 48 8b fd 48 8b ad 88 01 00 00 41 ff c4
0x00007ffa355aac0a:   bb 00 08 00 00 48 85 ed 0f 85 48 fe ff ff 4c 8b
0x00007ffa355aac1a:   ac 24 b8 00 00 00 8b 9c 24 a0 00 00 00 4c 8b 7c
0x00007ffa355aac2a:   24 30 48 83 3d 8c 60 71 00 00 4c 8b 64 24 70 48
0x00007ffa355aac3a:   8b 74 24 78 74 11 45 8b c6 48 8d 0d a6 1b 53 00
0x00007ffa355aac4a:   8b d3 e8 1f 73 ff ff 49 83 3f 00 4c 8b 74 24 60
0x00007ffa355aac5a:   48 8b 9c 24 80 00 00 00 74 15 48 8b 54 24 38 49
0x00007ffa355aac6a:   8b cd e8 1f 18 d8 ff 49 8b cf e8 87 17 d8 ff 48
0x00007ffa355aac7a:   8b 44 24 40 49 89 45 18 48 8b 44 24 48 4d 89 7d
0x00007ffa355aac8a:   10 4c 8b 7c 24 58 49 89 45 20 4c 8b 6c 24 68 48
0x00007ffa355aac9a:   81 c4 88 00 00 00 5f 5d c3 cc cc cc cc cc cc cc
0x00007ffa355aacaa:   cc cc cc cc cc cc 40 53 80 3d 57 5f 71 00 00 4c
0x00007ffa355aacba:   8b d2 48 8b d9 74 06 5b e9 39 d2 ff ff 44 8b 01
0x00007ffa355aacca:   45 33 db 41 83 e8 01 78 5a 0f 1f 40 00 66 0f 1f
0x00007ffa355aacda:   84 00 00 00 00 00 43 8d 14 18 d1 fa 48 63 c2 48
0x00007ffa355aacea:   8b 4c c3 08 48 8b 41 08 0f b7 48 2a 48 8b 40 08
0x00007ffa355aacfa:   4c 8b 4c c8 40 4d 3b ca 73 07 b8 ff ff ff ff eb
0x00007ffa355aad0a:   0a 33 c0 4d 3b ca 0f 95 c0 74 1f 85 c0 8d 4a ff
0x00007ffa355aad1a:   44 0f 49 c1 8d 4a 01 41 0f 49 cb 44 8b d9 41 3b
0x00007ffa355aad2a:   c8 7e b3 b8 ff ff ff ff 5b c3 8b c2 5b c3 cc cc
0x00007ffa355aad3a:   cc cc cc cc cc cc 4c 8b dc 53 57 48 81 ec e8 00
0x00007ffa355aad4a:   00 00 48 8b 05 c5 8a 6c 00 48 33 c4 48 89 84 24
0x00007ffa355aad5a:   d0 00 00 00 49 89 73 20 33 ff 4d 89 73 e8 48 8b
0x00007ffa355aad6a:   f2 4c 8b f1 48 85 c9 75 04 8b df eb 5e 48 89 ac
0x00007ffa355aad7a:   24 10 01 00 00 48 8b aa 80 02 00 00 48 8b 5d 18
0x00007ffa355aad8a:   48 83 fb f7 76 18 4c 8d 05 e9 1d 4e 00 ba 08 00
0x00007ffa355aad9a:   00 00 48 8b cd e8 7c 17 d8 ff 48 8b 5d 18 48 8d
0x00007ffa355aadaa:   43 08 48 3b 45 20 76 14 45 33 c0 48 8b cd 41 8d
0x00007ffa355aadba:   50 08 e8 ff 13 d8 ff 48 8b d8 eb 04 48 89 45 18
0x00007ffa355aadca:   48 8b ac 24 10 01 00 00 4c 89 33 48 8b 0d c4 89
0x00007ffa355aadda:   75 00 48 8d 44 24 58 48 89 84 24 a8 00 00 00 48
0x00007ffa355aadea:   8d 84 24 99 00 00 00 48 89 84 24 b0 00 00 00 c7 


Stack slot to memory mapping:
stack at sp + 0 slots: 0x0 is NULL
stack at sp + 1 slots: 0x00007ffa355ac152 jvm.dll
stack at sp + 2 slots: 0x0000025fae362ca0 points into unknown readable memory: 90 80 09 98 5f 02 00 00
stack at sp + 3 slots: 0x00007ffa3534a133 jvm.dll
stack at sp + 4 slots: 0x000000e6818fa280 is pointing into the stack for thread: 0x0000025fae7d8800
stack at sp + 5 slots: 0x0 is NULL
stack at sp + 6 slots: 0x0000000800422d38 is pointing into metadata
stack at sp + 7 slots: 0x0000000800246e70 is a pointer to class: 
java.util.concurrent.TimeUnit {0x0000000800246e78}


---------------  P R O C E S S  ---------------

Threads class SMR info:
_java_thread_list=0x0000025fb1882550, length=39, elements={
0x0000025fad3e8800, 0x0000025fad3e9800, 0x0000025fad3ff000, 0x0000025fad400000,
0x0000025fad40d000, 0x0000025fad411800, 0x0000025fad416000, 0x0000025fad417800,
0x0000025fad418800, 0x0000025fad417000, 0x0000025fad413000, 0x0000025fad414800,
0x0000025fad419800, 0x0000025fae7dc800, 0x0000025fae7d8000, 0x0000025fae7dd800,
0x0000025fae7de800, 0x0000025fae7e3000, 0x0000025fae7e2800, 0x0000025fae7e0000,
0x0000025fae7e1800, 0x0000025fae7e1000, 0x0000025fae7e4000, 0x0000025fb1b08000,
0x0000025fb1b05800, 0x0000025fb1b08800, 0x0000025fb1b07000, 0x0000025fb1b04800,
0x0000025fb1b09800, 0x0000025fb1b0a800, 0x0000025fb1b0b000, 0x0000025fb1b0c000,
0x0000025fb1b06000, 0x0000025fb1b0c800, 0x0000025fae7e5000, 0x0000025fae7db000,
0x0000025fae7d7000, 0x0000025fae7d6000, 0x0000025fae7d8800
}

Java Threads: ( => current thread )
  0x0000025fad3e8800 JavaThread "Reference Handler" daemon [_thread_blocked, id=23532, stack(0x000000e680400000,0x000000e680500000)]
  0x0000025fad3e9800 JavaThread "Finalizer" daemon [_thread_blocked, id=15220, stack(0x000000e680500000,0x000000e680600000)]
  0x0000025fad3ff000 JavaThread "Signal Dispatcher" daemon [_thread_blocked, id=19836, stack(0x000000e680600000,0x000000e680700000)]
  0x0000025fad400000 JavaThread "Attach Listener" daemon [_thread_blocked, id=26348, stack(0x000000e680700000,0x000000e680800000)]
  0x0000025fad40d000 JavaThread "Service Thread" daemon [_thread_blocked, id=2804, stack(0x000000e680800000,0x000000e680900000)]
  0x0000025fad411800 JavaThread "C1 CompilerThread0" daemon [_thread_blocked, id=22700, stack(0x000000e680900000,0x000000e680a00000)]
  0x0000025fad416000 JavaThread "Sweeper thread" daemon [_thread_blocked, id=3016, stack(0x000000e680a00000,0x000000e680b00000)]
  0x0000025fad417800 JavaThread "Common-Cleaner" daemon [_thread_blocked, id=21944, stack(0x000000e680b00000,0x000000e680c00000)]
  0x0000025fad418800 JavaThread "Notification Thread" daemon [_thread_blocked, id=13952, stack(0x000000e680c00000,0x000000e680d00000)]
  0x0000025fad417000 JavaThread "RMI TCP Accept-0" daemon [_thread_in_native, id=7012, stack(0x000000e680d00000,0x000000e680e00000)]
  0x0000025fad413000 JavaThread "RMI TCP Accept-0" daemon [_thread_in_native, id=17664, stack(0x000000e680e00000,0x000000e680f00000)]
  0x0000025fad414800 JavaThread "RMI TCP Accept-55329" daemon [_thread_in_native, id=15276, stack(0x000000e680f00000,0x000000e681000000)]
  0x0000025fad419800 JavaThread "RMI Scheduler(0)" daemon [_thread_blocked, id=9308, stack(0x000000e681200000,0x000000e681300000)]
  0x0000025fae7dc800 JavaThread "Catalina-utility-1" [_thread_blocked, id=20228, stack(0x000000e682300000,0x000000e682400000)]
  0x0000025fae7d8000 JavaThread "Catalina-utility-2" [_thread_blocked, id=11432, stack(0x000000e682400000,0x000000e682500000)]
  0x0000025fae7dd800 JavaThread "container-0" [_thread_blocked, id=16980, stack(0x000000e682500000,0x000000e682600000)]
  0x0000025fae7de800 JavaThread "mysql-cj-abandoned-connection-cleanup" daemon [_thread_blocked, id=22620, stack(0x000000e682600000,0x000000e682700000)]
  0x0000025fae7e3000 JavaThread "HikariPool-1 housekeeper" daemon [_thread_blocked, id=14244, stack(0x000000e682a00000,0x000000e682b00000)]
  0x0000025fae7e2800 JavaThread "Live Reload Server" daemon [_thread_in_native, id=19840, stack(0x000000e682d00000,0x000000e682e00000)]
  0x0000025fae7e0000 JavaThread "File Watcher" daemon [_thread_blocked, id=12076, stack(0x000000e682c00000,0x000000e682d00000)]
  0x0000025fae7e1800 JavaThread "http-nio-7777-BlockPoller" daemon [_thread_in_native, id=7540, stack(0x000000e682e00000,0x000000e682f00000)]
  0x0000025fae7e1000 JavaThread "http-nio-7777-exec-1" daemon [_thread_blocked, id=23084, stack(0x000000e682f00000,0x000000e683000000)]
  0x0000025fae7e4000 JavaThread "http-nio-7777-exec-2" daemon [_thread_blocked, id=24996, stack(0x000000e683000000,0x000000e683100000)]
  0x0000025fb1b08000 JavaThread "http-nio-7777-exec-3" daemon [_thread_blocked, id=11908, stack(0x000000e683100000,0x000000e683200000)]
  0x0000025fb1b05800 JavaThread "http-nio-7777-exec-4" daemon [_thread_blocked, id=4704, stack(0x000000e683200000,0x000000e683300000)]
  0x0000025fb1b08800 JavaThread "http-nio-7777-exec-5" daemon [_thread_blocked, id=4592, stack(0x000000e683300000,0x000000e683400000)]
  0x0000025fb1b07000 JavaThread "http-nio-7777-exec-6" daemon [_thread_blocked, id=14908, stack(0x000000e683400000,0x000000e683500000)]
  0x0000025fb1b04800 JavaThread "http-nio-7777-exec-7" daemon [_thread_blocked, id=10972, stack(0x000000e683500000,0x000000e683600000)]
  0x0000025fb1b09800 JavaThread "http-nio-7777-exec-8" daemon [_thread_blocked, id=24684, stack(0x000000e683600000,0x000000e683700000)]
  0x0000025fb1b0a800 JavaThread "http-nio-7777-exec-9" daemon [_thread_blocked, id=8512, stack(0x000000e683700000,0x000000e683800000)]
  0x0000025fb1b0b000 JavaThread "http-nio-7777-exec-10" daemon [_thread_blocked, id=16880, stack(0x000000e683800000,0x000000e683900000)]
  0x0000025fb1b0c000 JavaThread "http-nio-7777-ClientPoller" daemon [_thread_blocked, id=22840, stack(0x000000e683900000,0x000000e683a00000)]
  0x0000025fb1b06000 JavaThread "http-nio-7777-Acceptor" daemon [_thread_in_native, id=12304, stack(0x000000e683a00000,0x000000e683b00000)]
  0x0000025fb1b0c800 JavaThread "DestroyJavaVM" [_thread_blocked, id=4424, stack(0x000000e6ffd00000,0x000000e6ffe00000)]
  0x0000025fae7e5000 JavaThread "Java2D Disposer" daemon [_thread_blocked, id=684, stack(0x000000e683d00000,0x000000e683e00000)]
  0x0000025fae7db000 JavaThread "RMI TCP Connection(idle)" daemon [_thread_blocked, id=25636, stack(0x000000e681300000,0x000000e681400000)]
  0x0000025fae7d7000 JavaThread "JMX server connection timeout 356" daemon [_thread_blocked, id=22792, stack(0x000000e681900000,0x000000e681a00000)]
  0x0000025fae7d6000 JavaThread "HikariPool-1 connection closer" daemon [_thread_blocked, id=3028, stack(0x000000e681000000,0x000000e681100000)]
=>0x0000025fae7d8800 JavaThread "HikariPool-1 connection adder" daemon [_thread_in_vm, id=12320, stack(0x000000e681800000,0x000000e681900000)]

Other Threads:
  0x0000025fad3e1800 VMThread "VM Thread" [stack: 0x000000e680300000,0x000000e680400000] [id=21200] _threads_hazard_ptr=0x0000025fb1882550
  0x0000025fae340000 WatcherThread [stack: 0x000000e681100000,0x000000e681200000] [id=2256]
  0x0000025f8e480800 GCTaskThread "GC Thread#0" [stack: 0x000000e6ffe00000,0x000000e6fff00000] [id=12008]
  0x0000025fae467800 GCTaskThread "GC Thread#1" [stack: 0x000000e681400000,0x000000e681500000] [id=24536]
  0x0000025fae3de000 GCTaskThread "GC Thread#2" [stack: 0x000000e681500000,0x000000e681600000] [id=24544]
  0x0000025fae88d800 GCTaskThread "GC Thread#3" [stack: 0x000000e681e00000,0x000000e681f00000] [id=20260]
  0x0000025fae884800 GCTaskThread "GC Thread#4" [stack: 0x000000e681f00000,0x000000e682000000] [id=1304]
  0x0000025fae8ca800 GCTaskThread "GC Thread#5" [stack: 0x000000e682000000,0x000000e682100000] [id=13208]
  0x0000025fae8cb800 GCTaskThread "GC Thread#6" [stack: 0x000000e682100000,0x000000e682200000] [id=10988]
  0x0000025fae89d000 GCTaskThread "GC Thread#7" [stack: 0x000000e682200000,0x000000e682300000] [id=10268]
  0x0000025f8e493000 ConcurrentGCThread "G1 Main Marker" [stack: 0x000000e6fff00000,0x000000e700000000] [id=8132]
  0x0000025f8e494800 ConcurrentGCThread "G1 Conc#0" [stack: 0x000000e680000000,0x000000e680100000] [id=19588]
  0x0000025faf587800 ConcurrentGCThread "G1 Conc#1" [stack: 0x000000e681d00000,0x000000e681e00000] [id=9068]
  0x0000025fad256800 ConcurrentGCThread "G1 Refine#0" [stack: 0x000000e680100000,0x000000e680200000] [id=13504]
  0x0000025fadf9e000 ConcurrentGCThread "G1 Refine#1" [stack: 0x000000e681600000,0x000000e681700000] [id=16836]
  0x0000025fae472000 ConcurrentGCThread "G1 Refine#2" [stack: 0x000000e681700000,0x000000e681800000] [id=13212]
  0x0000025fb1c4d000 ConcurrentGCThread "G1 Refine#3" [stack: 0x000000e682700000,0x000000e682800000] [id=22724]
  0x0000025fae7d3000 ConcurrentGCThread "G1 Refine#4" [stack: 0x000000e682800000,0x000000e682900000] [id=9488]
  0x0000025fb1f83800 ConcurrentGCThread "G1 Refine#5" [stack: 0x000000e682900000,0x000000e682a00000] [id=17808]
  0x0000025fb1c04800 ConcurrentGCThread "G1 Refine#6" [stack: 0x000000e682b00000,0x000000e682c00000] [id=25556]
  0x0000025fad259000 ConcurrentGCThread "G1 Young RemSet Sampling" [stack: 0x000000e680200000,0x000000e680300000] [id=20796]

Threads with active compile tasks:

VM state:synchronizing (normal execution)

VM Mutex/Monitor currently owned by a thread:  ([mutex/lock_event])
[0x0000025f8e43e660] Threads_lock - owner thread: 0x0000025fad3e1800

OutOfMemory and StackOverflow Exception counts:
StackOverflowErrors=1
LinkageErrors=67

Heap address: 0x0000000082400000, size: 2012 MB, Compressed Oops mode: 32-bit
Narrow klass base: 0x0000000800000000, Narrow klass shift: 3
Compressed class space size: 1073741824 Address: 0x0000000800b30000

Heap:
 garbage-first heap   total 96256K, used 72974K [0x0000000082400000, 0x0000000100000000)
  region size 1024K, 34 young (34816K), 5 survivors (5120K)
 Metaspace       used 71689K, capacity 73245K, committed 74064K, reserved 1114112K
  class space    used 9417K, capacity 10017K, committed 10240K, reserved 1048576K
Heap Regions: E=young(eden), S=young(survivor), O=old, HS=humongous(starts), HC=humongous(continues), CS=collection set, F=free, OA=open archive, CA=closed archive, TAMS=top-at-mark-start (previous, next)
|   0|0x0000000082400000, 0x0000000082500000, 0x0000000082500000|100%|HS|  |TAMS 0x0000000082500000, 0x0000000082400000| Complete 
|   1|0x0000000082500000, 0x0000000082600000, 0x0000000082600000|100%| O|  |TAMS 0x0000000082600000, 0x0000000082500000| Untracked 
|   2|0x0000000082600000, 0x0000000082700000, 0x0000000082700000|100%| O|  |TAMS 0x0000000082700000, 0x0000000082600000| Untracked 
|   3|0x0000000082700000, 0x0000000082800000, 0x0000000082800000|100%| O|  |TAMS 0x0000000082800000, 0x0000000082700000| Untracked 
|   4|0x0000000082800000, 0x0000000082900000, 0x0000000082900000|100%| O|  |TAMS 0x0000000082900000, 0x0000000082800000| Untracked 
|   5|0x0000000082900000, 0x0000000082900000, 0x0000000082a00000|  0%| F|  |TAMS 0x0000000082900000, 0x0000000082900000| Untracked 
|   6|0x0000000082a00000, 0x0000000082b00000, 0x0000000082b00000|100%| O|  |TAMS 0x0000000082b00000, 0x0000000082a00000| Untracked 
|   7|0x0000000082b00000, 0x0000000082c00000, 0x0000000082c00000|100%| O|  |TAMS 0x0000000082c00000, 0x0000000082b00000| Untracked 
|   8|0x0000000082c00000, 0x0000000082d00000, 0x0000000082d00000|100%| O|  |TAMS 0x0000000082d00000, 0x0000000082c00000| Untracked 
|   9|0x0000000082d00000, 0x0000000082d00000, 0x0000000082e00000|  0%| F|  |TAMS 0x0000000082d00000, 0x0000000082d00000| Untracked 
|  10|0x0000000082e00000, 0x0000000082f00000, 0x0000000082f00000|100%| O|  |TAMS 0x0000000082ebba00, 0x0000000082e00000| Untracked 
|  11|0x0000000082f00000, 0x0000000083000000, 0x0000000083000000|100%| O|  |TAMS 0x0000000083000000, 0x0000000082f00000| Untracked 
|  12|0x0000000083000000, 0x0000000083100000, 0x0000000083100000|100%| O|  |TAMS 0x0000000083100000, 0x0000000083000000| Untracked 
|  13|0x0000000083100000, 0x0000000083200000, 0x0000000083200000|100%| O|  |TAMS 0x0000000083200000, 0x0000000083100000| Untracked 
|  14|0x0000000083200000, 0x0000000083300000, 0x0000000083300000|100%| O|  |TAMS 0x0000000083300000, 0x0000000083200000| Untracked 
|  15|0x0000000083300000, 0x0000000083400000, 0x0000000083400000|100%| O|  |TAMS 0x0000000083400000, 0x0000000083300000| Untracked 
|  16|0x0000000083400000, 0x0000000083500000, 0x0000000083500000|100%| O|  |TAMS 0x0000000083500000, 0x0000000083400000| Untracked 
|  17|0x0000000083500000, 0x0000000083600000, 0x0000000083600000|100%| O|  |TAMS 0x0000000083600000, 0x0000000083500000| Untracked 
|  18|0x0000000083600000, 0x0000000083700000, 0x0000000083700000|100%| O|  |TAMS 0x0000000083700000, 0x0000000083600000| Untracked 
|  19|0x0000000083700000, 0x0000000083800000, 0x0000000083800000|100%| O|  |TAMS 0x0000000083800000, 0x0000000083700000| Untracked 
|  20|0x0000000083800000, 0x0000000083900000, 0x0000000083900000|100%| O|  |TAMS 0x0000000083900000, 0x0000000083800000| Untracked 
|  21|0x0000000083900000, 0x0000000083a00000, 0x0000000083a00000|100%| O|  |TAMS 0x0000000083a00000, 0x0000000083900000| Untracked 
|  22|0x0000000083a00000, 0x0000000083b00000, 0x0000000083b00000|100%| O|  |TAMS 0x0000000083a00000, 0x0000000083a00000| Untracked 
|  23|0x0000000083b00000, 0x0000000083c00000, 0x0000000083c00000|100%| O|  |TAMS 0x0000000083c00000, 0x0000000083b00000| Untracked 
|  24|0x0000000083c00000, 0x0000000083d00000, 0x0000000083d00000|100%| O|  |TAMS 0x0000000083d00000, 0x0000000083c00000| Untracked 
|  25|0x0000000083d00000, 0x0000000083dc3000, 0x0000000083e00000| 76%| O|  |TAMS 0x0000000083d00000, 0x0000000083d00000| Untracked 
|  26|0x0000000083e00000, 0x0000000083e00000, 0x0000000083f00000|  0%| F|  |TAMS 0x0000000083e00000, 0x0000000083e00000| Untracked 
|  27|0x0000000083f00000, 0x0000000083f00000, 0x0000000084000000|  0%| F|  |TAMS 0x0000000083f00000, 0x0000000083f00000| Untracked 
|  28|0x0000000084000000, 0x0000000084000000, 0x0000000084100000|  0%| F|  |TAMS 0x0000000084000000, 0x0000000084000000| Untracked 
|  29|0x0000000084100000, 0x0000000084200000, 0x0000000084200000|100%| O|  |TAMS 0x0000000084200000, 0x0000000084100000| Untracked 
|  30|0x0000000084200000, 0x0000000084300000, 0x0000000084300000|100%| O|  |TAMS 0x0000000084300000, 0x0000000084200000| Untracked 
|  31|0x0000000084300000, 0x0000000084300000, 0x0000000084400000|  0%| F|  |TAMS 0x0000000084300000, 0x0000000084300000| Untracked 
|  32|0x0000000084400000, 0x0000000084500000, 0x0000000084500000|100%| O|  |TAMS 0x0000000084500000, 0x0000000084400000| Untracked 
|  33|0x0000000084500000, 0x0000000084500000, 0x0000000084600000|  0%| F|  |TAMS 0x0000000084500000, 0x0000000084500000| Untracked 
|  34|0x0000000084600000, 0x0000000084700000, 0x0000000084700000|100%| O|  |TAMS 0x0000000084700000, 0x0000000084600000| Untracked 
|  35|0x0000000084700000, 0x0000000084700000, 0x0000000084800000|  0%| F|  |TAMS 0x0000000084700000, 0x0000000084700000| Untracked 
|  36|0x0000000084800000, 0x0000000084800000, 0x0000000084900000|  0%| F|  |TAMS 0x0000000084800000, 0x0000000084800000| Untracked 
|  37|0x0000000084900000, 0x0000000084a00000, 0x0000000084a00000|100%| O|  |TAMS 0x0000000084a00000, 0x0000000084900000| Untracked 
|  38|0x0000000084a00000, 0x0000000084b00000, 0x0000000084b00000|100%| O|  |TAMS 0x0000000084b00000, 0x0000000084a00000| Untracked 
|  39|0x0000000084b00000, 0x0000000084c00000, 0x0000000084c00000|100%| O|  |TAMS 0x0000000084c00000, 0x0000000084b00000| Untracked 
|  40|0x0000000084c00000, 0x0000000084d00000, 0x0000000084d00000|100%| O|  |TAMS 0x0000000084d00000, 0x0000000084c00000| Untracked 
|  41|0x0000000084d00000, 0x0000000084e00000, 0x0000000084e00000|100%| O|  |TAMS 0x0000000084e00000, 0x0000000084d00000| Untracked 
|  42|0x0000000084e00000, 0x0000000084f00000, 0x0000000084f00000|100%| O|  |TAMS 0x0000000084f00000, 0x0000000084e00000| Untracked 
|  43|0x0000000084f00000, 0x0000000085000000, 0x0000000085000000|100%| O|  |TAMS 0x0000000085000000, 0x0000000084f00000| Untracked 
|  44|0x0000000085000000, 0x0000000085000000, 0x0000000085100000|  0%| F|  |TAMS 0x0000000085000000, 0x0000000085000000| Untracked 
|  45|0x0000000085100000, 0x0000000085200000, 0x0000000085200000|100%| O|  |TAMS 0x0000000085200000, 0x0000000085100000| Untracked 
|  46|0x0000000085200000, 0x0000000085200000, 0x0000000085300000|  0%| F|  |TAMS 0x0000000085200000, 0x0000000085200000| Untracked 
|  47|0x0000000085300000, 0x0000000085300000, 0x0000000085400000|  0%| F|  |TAMS 0x0000000085300000, 0x0000000085300000| Untracked 
|  48|0x0000000085400000, 0x0000000085400000, 0x0000000085500000|  0%| F|  |TAMS 0x0000000085400000, 0x0000000085400000| Untracked 
|  49|0x0000000085500000, 0x0000000085500000, 0x0000000085600000|  0%| F|  |TAMS 0x0000000085500000, 0x0000000085500000| Untracked 
|  50|0x0000000085600000, 0x00000000856ffff8, 0x0000000085700000| 99%| O|  |TAMS 0x00000000856ffff8, 0x0000000085600000| Untracked 
|  51|0x0000000085700000, 0x0000000085800000, 0x0000000085800000|100%| O|  |TAMS 0x0000000085800000, 0x0000000085700000| Untracked 
|  52|0x0000000085800000, 0x0000000085900000, 0x0000000085900000|100%| O|  |TAMS 0x0000000085900000, 0x0000000085800000| Untracked 
|  53|0x0000000085900000, 0x0000000085900000, 0x0000000085a00000|  0%| F|  |TAMS 0x0000000085900000, 0x0000000085900000| Untracked 
|  54|0x0000000085a00000, 0x0000000085a00000, 0x0000000085b00000|  0%| F|  |TAMS 0x0000000085a00000, 0x0000000085a00000| Untracked 
|  55|0x0000000085b00000, 0x0000000085b80930, 0x0000000085c00000| 50%| S|CS|TAMS 0x0000000085b00000, 0x0000000085b00000| Complete 
|  56|0x0000000085c00000, 0x0000000085d00000, 0x0000000085d00000|100%| S|CS|TAMS 0x0000000085c00000, 0x0000000085c00000| Complete 
|  57|0x0000000085d00000, 0x0000000085e00000, 0x0000000085e00000|100%| S|CS|TAMS 0x0000000085d00000, 0x0000000085d00000| Complete 
|  58|0x0000000085e00000, 0x0000000085f00000, 0x0000000085f00000|100%| S|CS|TAMS 0x0000000085e00000, 0x0000000085e00000| Complete 
|  59|0x0000000085f00000, 0x0000000085f00000, 0x0000000086000000|  0%| F|  |TAMS 0x0000000085f00000, 0x0000000085f00000| Untracked 
|  60|0x0000000086000000, 0x0000000086100000, 0x0000000086100000|100%| S|CS|TAMS 0x0000000086000000, 0x0000000086000000| Complete 
|  61|0x0000000086100000, 0x0000000086100000, 0x0000000086200000|  0%| F|  |TAMS 0x0000000086100000, 0x0000000086100000| Untracked 
|  62|0x0000000086200000, 0x0000000086200000, 0x0000000086300000|  0%| F|  |TAMS 0x0000000086200000, 0x0000000086200000| Untracked 
|  63|0x0000000086300000, 0x0000000086300000, 0x0000000086400000|  0%| F|  |TAMS 0x0000000086300000, 0x0000000086300000| Untracked 
|  64|0x0000000086400000, 0x0000000086400000, 0x0000000086500000|  0%| F|  |TAMS 0x0000000086400000, 0x0000000086400000| Untracked 
|  65|0x0000000086500000, 0x0000000086572b00, 0x0000000086600000| 44%| E|  |TAMS 0x0000000086500000, 0x0000000086500000| Complete 
|  66|0x0000000086600000, 0x0000000086700000, 0x0000000086700000|100%| E|CS|TAMS 0x0000000086600000, 0x0000000086600000| Complete 
|  67|0x0000000086700000, 0x0000000086800000, 0x0000000086800000|100%| E|CS|TAMS 0x0000000086700000, 0x0000000086700000| Complete 
|  68|0x0000000086800000, 0x0000000086900000, 0x0000000086900000|100%| E|CS|TAMS 0x0000000086800000, 0x0000000086800000| Complete 
|  69|0x0000000086900000, 0x0000000086a00000, 0x0000000086a00000|100%| E|CS|TAMS 0x0000000086900000, 0x0000000086900000| Complete 
|  70|0x0000000086a00000, 0x0000000086b00000, 0x0000000086b00000|100%| E|CS|TAMS 0x0000000086a00000, 0x0000000086a00000| Complete 
|  71|0x0000000086b00000, 0x0000000086c00000, 0x0000000086c00000|100%| E|CS|TAMS 0x0000000086b00000, 0x0000000086b00000| Complete 
|  72|0x0000000086c00000, 0x0000000086d00000, 0x0000000086d00000|100%| E|CS|TAMS 0x0000000086c00000, 0x0000000086c00000| Complete 
|  73|0x0000000086d00000, 0x0000000086e00000, 0x0000000086e00000|100%| E|CS|TAMS 0x0000000086d00000, 0x0000000086d00000| Complete 
|  74|0x0000000086e00000, 0x0000000086f00000, 0x0000000086f00000|100%| E|CS|TAMS 0x0000000086e00000, 0x0000000086e00000| Complete 
|  75|0x0000000086f00000, 0x0000000087000000, 0x0000000087000000|100%| E|CS|TAMS 0x0000000086f00000, 0x0000000086f00000| Complete 
|  76|0x0000000087000000, 0x0000000087100000, 0x0000000087100000|100%| E|CS|TAMS 0x0000000087000000, 0x0000000087000000| Complete 
|  77|0x0000000087100000, 0x0000000087200000, 0x0000000087200000|100%| E|CS|TAMS 0x0000000087100000, 0x0000000087100000| Complete 
|  78|0x0000000087200000, 0x0000000087300000, 0x0000000087300000|100%| E|CS|TAMS 0x0000000087200000, 0x0000000087200000| Complete 
|  79|0x0000000087300000, 0x0000000087400000, 0x0000000087400000|100%| E|CS|TAMS 0x0000000087300000, 0x0000000087300000| Complete 
|  80|0x0000000087400000, 0x0000000087500000, 0x0000000087500000|100%| E|CS|TAMS 0x0000000087400000, 0x0000000087400000| Complete 
|  81|0x0000000087500000, 0x0000000087600000, 0x0000000087600000|100%| E|CS|TAMS 0x0000000087500000, 0x0000000087500000| Complete 
|  82|0x0000000087600000, 0x0000000087700000, 0x0000000087700000|100%| E|CS|TAMS 0x0000000087600000, 0x0000000087600000| Complete 
|  83|0x0000000087700000, 0x0000000087800000, 0x0000000087800000|100%| E|CS|TAMS 0x0000000087700000, 0x0000000087700000| Complete 
|  84|0x0000000087800000, 0x0000000087900000, 0x0000000087900000|100%| E|CS|TAMS 0x0000000087800000, 0x0000000087800000| Complete 
|  85|0x0000000087900000, 0x0000000087a00000, 0x0000000087a00000|100%| E|CS|TAMS 0x0000000087900000, 0x0000000087900000| Complete 
|  86|0x0000000087a00000, 0x0000000087b00000, 0x0000000087b00000|100%| E|CS|TAMS 0x0000000087a00000, 0x0000000087a00000| Complete 
| 115|0x0000000089700000, 0x0000000089800000, 0x0000000089800000|100%| E|CS|TAMS 0x0000000089700000, 0x0000000089700000| Complete 
| 116|0x0000000089800000, 0x0000000089900000, 0x0000000089900000|100%| E|CS|TAMS 0x0000000089800000, 0x0000000089800000| Complete 
| 117|0x0000000089900000, 0x0000000089a00000, 0x0000000089a00000|100%| E|CS|TAMS 0x0000000089900000, 0x0000000089900000| Complete 
| 118|0x0000000089a00000, 0x0000000089b00000, 0x0000000089b00000|100%| E|CS|TAMS 0x0000000089a00000, 0x0000000089a00000| Complete 
| 119|0x0000000089b00000, 0x0000000089c00000, 0x0000000089c00000|100%| E|CS|TAMS 0x0000000089b00000, 0x0000000089b00000| Complete 
| 120|0x0000000089c00000, 0x0000000089d00000, 0x0000000089d00000|100%| E|CS|TAMS 0x0000000089c00000, 0x0000000089c00000| Complete 
| 151|0x000000008bb00000, 0x000000008bc00000, 0x000000008bc00000|100%| E|CS|TAMS 0x000000008bb00000, 0x000000008bb00000| Complete 

Card table byte_map: [0x0000025fa62e0000,0x0000025fa66d0000] _byte_map_base: 0x0000025fa5ece000

Marking Bits (Prev, Next): (CMBitMap*) 0x0000025f8e481318, (CMBitMap*) 0x0000025f8e4812d8
 Prev Bits: [0x0000025fa8a30000, 0x0000025faa9a0000)
 Next Bits: [0x0000025fa6ac0000, 0x0000025fa8a30000)

Polling page: 0x0000025f8c3e0000

Metaspace:

Usage:
  Non-class:     61.75 MB capacity,    60.81 MB ( 98%) used,   756.18 KB (  1%) free+waste,   199.69 KB ( <1%) overhead. 
      Class:      9.78 MB capacity,     9.20 MB ( 94%) used,   506.38 KB (  5%) free+waste,    93.38 KB ( <1%) overhead. 
       Both:     71.53 MB capacity,    70.01 MB ( 98%) used,     1.23 MB (  2%) free+waste,   293.06 KB ( <1%) overhead. 

Virtual space:
  Non-class space:       64.00 MB reserved,      62.33 MB ( 97%) committed 
      Class space:        1.00 GB reserved,      10.00 MB ( <1%) committed 
             Both:        1.06 GB reserved,      72.33 MB (  7%) committed 

Chunk freelists:
   Non-Class:  404.00 KB
       Class:  127.00 KB
        Both:  531.00 KB

MaxMetaspaceSize: 17179869184.00 GB
CompressedClassSpaceSize: 1.00 GB

CodeHeap 'non-profiled nmethods': size=238336Kb used=14059Kb max_used=14059Kb free=224277Kb
 bounds [0x0000025f97300000, 0x0000025f980c0000, 0x0000025fa5bc0000]
CodeHeap 'non-nmethods': size=7424Kb used=1452Kb max_used=1452Kb free=5971Kb
 bounds [0x0000025f96bc0000, 0x0000025f96e30000, 0x0000025f97300000]
 total_blobs=9177 nmethods=8108 adapters=723
 compilation: enabled
              stopped_count=0, restarted_count=0
 full_count=0

Compilation events (20 events):
Event: 78640.609 Thread 0x0000025fad411800 8157       1       javax.management.ObjectName::hashCode (8 bytes)
Event: 78640.610 Thread 0x0000025fad411800 nmethod 8157 0x0000025f980b6d90 code [0x0000025f980b6f20, 0x0000025f980b7028]
Event: 78640.610 Thread 0x0000025fad411800 8158       1       com.sun.jmx.mbeanserver.NamedObject::hashCode (8 bytes)
Event: 78640.610 Thread 0x0000025fad411800 nmethod 8158 0x0000025f980b7110 code [0x0000025f980b72a0, 0x0000025f980b73a8]
Event: 78645.665 Thread 0x0000025fad411800 8159   !   1       jdk.internal.reflect.GeneratedConstructorAccessor55::newInstance (53 bytes)
Event: 78645.666 Thread 0x0000025fad411800 nmethod 8159 0x0000025f980b7490 code [0x0000025f980b7680, 0x0000025f980b7ae8]
Event: 80089.650 Thread 0x0000025fad411800 8160   !   1       jdk.internal.reflect.GeneratedConstructorAccessor50::newInstance (53 bytes)
Event: 80089.651 Thread 0x0000025fad411800 nmethod 8160 0x0000025f980b7d90 code [0x0000025f980b7f80, 0x0000025f980b83d8]
Event: 80089.660 Thread 0x0000025fad411800 8161   !   1       jdk.internal.reflect.GeneratedConstructorAccessor51::newInstance (49 bytes)
Event: 80089.660 Thread 0x0000025fad411800 nmethod 8161 0x0000025f980b8690 code [0x0000025f980b8860, 0x0000025f980b8c78]
Event: 80089.660 Thread 0x0000025fad411800 8162   !   1       jdk.internal.reflect.GeneratedConstructorAccessor52::newInstance (49 bytes)
Event: 80089.661 Thread 0x0000025fad411800 nmethod 8162 0x0000025f980b8e90 code [0x0000025f980b9060, 0x0000025f980b9368]
Event: 80089.661 Thread 0x0000025fad411800 8163   !   1       jdk.internal.reflect.GeneratedConstructorAccessor53::newInstance (49 bytes)
Event: 80089.661 Thread 0x0000025fad411800 nmethod 8163 0x0000025f980b9590 code [0x0000025f980b9780, 0x0000025f980b9ba8]
Event: 80109.719 Thread 0x0000025fad411800 8164       1       java.util.concurrent.ConcurrentHashMap$KeySetView::remove (17 bytes)
Event: 80109.720 Thread 0x0000025fad411800 nmethod 8164 0x0000025f980b9e10 code [0x0000025f980b9fa0, 0x0000025f980ba0c8]
Event: 80443.687 Thread 0x0000025fad411800 8165   !   1       com.mysql.cj.jdbc.AbandonedConnectionCleanupThread::finalizeResource (35 bytes)
Event: 80443.687 Thread 0x0000025fad411800 nmethod 8165 0x0000025f980ba190 code [0x0000025f980ba360, 0x0000025f980ba5c8]
Event: 80443.687 Thread 0x0000025fad411800 8166   !   1       com.mysql.cj.jdbc.AbandonedConnectionCleanupThread$ConnectionFinalizerPhantomReference::finalizeResources (31 bytes)
Event: 80443.688 Thread 0x0000025fad411800 nmethod 8166 0x0000025f980ba810 code [0x0000025f980ba9a0, 0x0000025f980bab28]

GC Heap History (20 events):
Event: 74751.888 GC heap before
{Heap before GC invocations=109 (full 0):
 garbage-first heap   total 96256K, used 76578K [0x0000000082400000, 0x0000000100000000)
  region size 1024K, 38 young (38912K), 4 survivors (4096K)
 Metaspace       used 71628K, capacity 73230K, committed 74064K, reserved 1114112K
  class space    used 9413K, capacity 10014K, committed 10240K, reserved 1048576K
}
Event: 74751.891 GC heap after
{Heap after GC invocations=110 (full 0):
 garbage-first heap   total 96256K, used 42855K [0x0000000082400000, 0x0000000100000000)
  region size 1024K, 1 young (1024K), 1 survivors (1024K)
 Metaspace       used 71628K, capacity 73230K, committed 74064K, reserved 1114112K
  class space    used 9413K, capacity 10014K, committed 10240K, reserved 1048576K
}
Event: 74796.930 GC heap before
{Heap before GC invocations=110 (full 0):
 garbage-first heap   total 96256K, used 78695K [0x0000000082400000, 0x0000000100000000)
  region size 1024K, 36 young (36864K), 1 survivors (1024K)
 Metaspace       used 71628K, capacity 73230K, committed 74064K, reserved 1114112K
  class space    used 9413K, capacity 10014K, committed 10240K, reserved 1048576K
}
Event: 74796.936 GC heap after
{Heap after GC invocations=111 (full 0):
 garbage-first heap   total 96256K, used 45523K [0x0000000082400000, 0x0000000100000000)
  region size 1024K, 3 young (3072K), 3 survivors (3072K)
 Metaspace       used 71628K, capacity 73230K, committed 74064K, reserved 1114112K
  class space    used 9413K, capacity 10014K, committed 10240K, reserved 1048576K
}
Event: 76126.421 GC heap before
{Heap before GC invocations=112 (full 0):
 garbage-first heap   total 96256K, used 78291K [0x0000000082400000, 0x0000000100000000)
  region size 1024K, 36 young (36864K), 3 survivors (3072K)
 Metaspace       used 71590K, capacity 73170K, committed 74064K, reserved 1114112K
  class space    used 9408K, capacity 10004K, committed 10240K, reserved 1048576K
}
Event: 76126.471 GC heap after
{Heap after GC invocations=113 (full 0):
 garbage-first heap   total 96256K, used 46046K [0x0000000082400000, 0x0000000100000000)
  region size 1024K, 1 young (1024K), 1 survivors (1024K)
 Metaspace       used 71590K, capacity 73170K, committed 74064K, reserved 1114112K
  class space    used 9408K, capacity 10004K, committed 10240K, reserved 1048576K
}
Event: 76269.457 GC heap before
{Heap before GC invocations=113 (full 0):
 garbage-first heap   total 96256K, used 49118K [0x0000000082400000, 0x0000000100000000)
  region size 1024K, 4 young (4096K), 1 survivors (1024K)
 Metaspace       used 71590K, capacity 73170K, committed 74064K, reserved 1114112K
  class space    used 9408K, capacity 10004K, committed 10240K, reserved 1048576K
}
Event: 76269.506 GC heap after
{Heap after GC invocations=114 (full 0):
 garbage-first heap   total 96256K, used 39400K [0x0000000082400000, 0x0000000100000000)
  region size 1024K, 1 young (1024K), 1 survivors (1024K)
 Metaspace       used 71590K, capacity 73170K, committed 74064K, reserved 1114112K
  class space    used 9408K, capacity 10004K, committed 10240K, reserved 1048576K
}
Event: 76564.977 GC heap before
{Heap before GC invocations=114 (full 0):
 garbage-first heap   total 96256K, used 76264K [0x0000000082400000, 0x0000000100000000)
  region size 1024K, 38 young (38912K), 1 survivors (1024K)
 Metaspace       used 71633K, capacity 73170K, committed 74064K, reserved 1114112K
  class space    used 9408K, capacity 10004K, committed 10240K, reserved 1048576K
}
Event: 76564.986 GC heap after
{Heap after GC invocations=115 (full 0):
 garbage-first heap   total 96256K, used 41728K [0x0000000082400000, 0x0000000100000000)
  region size 1024K, 3 young (3072K), 3 survivors (3072K)
 Metaspace       used 71633K, capacity 73170K, committed 74064K, reserved 1114112K
  class space    used 9408K, capacity 10004K, committed 10240K, reserved 1048576K
}
Event: 77785.195 GC heap before
{Heap before GC invocations=116 (full 0):
 garbage-first heap   total 96256K, used 74496K [0x0000000082400000, 0x0000000100000000)
  region size 1024K, 38 young (38912K), 3 survivors (3072K)
 Metaspace       used 71630K, capacity 73164K, committed 74064K, reserved 1114112K
  class space    used 9407K, capacity 10003K, committed 10240K, reserved 1048576K
}
Event: 77785.203 GC heap after
{Heap after GC invocations=117 (full 0):
 garbage-first heap   total 96256K, used 40670K [0x0000000082400000, 0x0000000100000000)
  region size 1024K, 4 young (4096K), 4 survivors (4096K)
 Metaspace       used 71630K, capacity 73164K, committed 74064K, reserved 1114112K
  class space    used 9407K, capacity 10003K, committed 10240K, reserved 1048576K
}
Event: 78340.330 GC heap before
{Heap before GC invocations=117 (full 0):
 garbage-first heap   total 96256K, used 77534K [0x0000000082400000, 0x0000000100000000)
  region size 1024K, 41 young (41984K), 4 survivors (4096K)
 Metaspace       used 71630K, capacity 73164K, committed 74064K, reserved 1114112K
  class space    used 9407K, capacity 10003K, committed 10240K, reserved 1048576K
}
Event: 78340.334 GC heap after
{Heap after GC invocations=118 (full 0):
 garbage-first heap   total 96256K, used 42817K [0x0000000082400000, 0x0000000100000000)
  region size 1024K, 3 young (3072K), 3 survivors (3072K)
 Metaspace       used 71630K, capacity 73164K, committed 74064K, reserved 1114112K
  class space    used 9407K, capacity 10003K, committed 10240K, reserved 1048576K
}
Event: 79148.439 GC heap before
{Heap before GC invocations=119 (full 0):
 garbage-first heap   total 96256K, used 78657K [0x0000000082400000, 0x0000000100000000)
  region size 1024K, 38 young (38912K), 3 survivors (3072K)
 Metaspace       used 71680K, capacity 73242K, committed 74064K, reserved 1114112K
  class space    used 9414K, capacity 10016K, committed 10240K, reserved 1048576K
}
Event: 79148.449 GC heap after
{Heap after GC invocations=120 (full 0):
 garbage-first heap   total 96256K, used 44106K [0x0000000082400000, 0x0000000100000000)
  region size 1024K, 4 young (4096K), 4 survivors (4096K)
 Metaspace       used 71680K, capacity 73242K, committed 74064K, reserved 1114112K
  class space    used 9414K, capacity 10016K, committed 10240K, reserved 1048576K
}
Event: 80109.685 GC heap before
{Heap before GC invocations=120 (full 0):
 garbage-first heap   total 96256K, used 78922K [0x0000000082400000, 0x0000000100000000)
  region size 1024K, 38 young (38912K), 4 survivors (4096K)
 Metaspace       used 71682K, capacity 73245K, committed 74064K, reserved 1114112K
  class space    used 9415K, capacity 10017K, committed 10240K, reserved 1048576K
}
Event: 80109.690 GC heap after
{Heap after GC invocations=121 (full 0):
 garbage-first heap   total 96256K, used 45209K [0x0000000082400000, 0x0000000100000000)
  region size 1024K, 3 young (3072K), 3 survivors (3072K)
 Metaspace       used 71682K, capacity 73245K, committed 74064K, reserved 1114112K
  class space    used 9415K, capacity 10017K, committed 10240K, reserved 1048576K
}
Event: 80443.674 GC heap before
{Heap before GC invocations=122 (full 0):
 garbage-first heap   total 96256K, used 74905K [0x0000000082400000, 0x0000000100000000)
  region size 1024K, 36 young (36864K), 3 survivors (3072K)
 Metaspace       used 71682K, capacity 73245K, committed 74064K, reserved 1114112K
  class space    used 9415K, capacity 10017K, committed 10240K, reserved 1048576K
}
Event: 80443.686 GC heap after
{Heap after GC invocations=123 (full 0):
 garbage-first heap   total 96256K, used 44302K [0x0000000082400000, 0x0000000100000000)
  region size 1024K, 5 young (5120K), 5 survivors (5120K)
 Metaspace       used 71682K, capacity 73245K, committed 74064K, reserved 1114112K
  class space    used 9415K, capacity 10017K, committed 10240K, reserved 1048576K
}

Deoptimization events (8 events):
Event: 2.598 Thread 0x0000025fae7da000 DEOPT PACKING pc=0x0000025f97625fa4 sp=0x000000e681cfccb0
Event: 2.598 Thread 0x0000025fae7da000 DEOPT UNPACKING pc=0x0000025f96c0964e sp=0x000000e681cfc228 mode 0
Event: 6.254 Thread 0x0000025fae7da000 DEOPT PACKING pc=0x0000025f97a43ffc sp=0x000000e681cfb1b0
Event: 6.254 Thread 0x0000025fae7da000 DEOPT UNPACKING pc=0x0000025f96c0964e sp=0x000000e681cfa650 mode 0
Event: 7.236 Thread 0x0000025fae7da000 DEOPT PACKING pc=0x0000025f975b0083 sp=0x000000e681cfd3d0
Event: 7.236 Thread 0x0000025fae7da000 DEOPT UNPACKING pc=0x0000025f96c0964e sp=0x000000e681cfc8d8 mode 3
Event: 56.052 Thread 0x0000025fb1b08000 DEOPT PACKING pc=0x0000025f9748f5e4 sp=0x000000e6831fbe30
Event: 56.052 Thread 0x0000025fb1b08000 DEOPT UNPACKING pc=0x0000025f96c0964e sp=0x000000e6831fb358 mode 0

Classes unloaded (20 events):
Event: 28448.804 Thread 0x0000025fad3e1800 Unloading class 0x0000000800c99c40 'jdk/internal/reflect/GeneratedSerializationConstructorAccessor66'
Event: 28448.804 Thread 0x0000025fad3e1800 Unloading class 0x0000000800d48440 'jdk/internal/reflect/GeneratedSerializationConstructorAccessor65'
Event: 28448.804 Thread 0x0000025fad3e1800 Unloading class 0x0000000800d4a040 'jdk/internal/reflect/GeneratedSerializationConstructorAccessor64'
Event: 28448.804 Thread 0x0000025fad3e1800 Unloading class 0x0000000800df8040 'sun/rmi/transport/Target$$Lambda$1038'
Event: 28448.804 Thread 0x0000025fad3e1800 Unloading class 0x0000000800f74440 'java/lang/invoke/LambdaForm$MH'
Event: 28448.804 Thread 0x0000025fad3e1800 Unloading class 0x0000000801044c40 'java/lang/invoke/LambdaForm$MH'
Event: 28448.804 Thread 0x0000025fad3e1800 Unloading class 0x0000000801215c40 'java/lang/invoke/LambdaForm$MH'
Event: 28448.804 Thread 0x0000025fad3e1800 Unloading class 0x00000008012ce440 'java/lang/invoke/LambdaForm$MH'
Event: 30226.897 Thread 0x0000025fad3e1800 Unloading class 0x0000000800bf6040 'jdk/internal/reflect/GeneratedSerializationConstructorAccessor70'
Event: 74797.135 Thread 0x0000025fad3e1800 Unloading class 0x0000000800d4a040 'jdk/internal/reflect/GeneratedSerializationConstructorAccessor85'
Event: 74797.135 Thread 0x0000025fad3e1800 Unloading class 0x0000000800d48440 'jdk/internal/reflect/GeneratedSerializationConstructorAccessor84'
Event: 74797.135 Thread 0x0000025fad3e1800 Unloading class 0x0000000800c99c40 'jdk/internal/reflect/GeneratedSerializationConstructorAccessor83'
Event: 74797.136 Thread 0x0000025fad3e1800 Unloading class 0x0000000800c60840 'jdk/internal/reflect/GeneratedSerializationConstructorAccessor82'
Event: 74797.136 Thread 0x0000025fad3e1800 Unloading class 0x0000000800c47c40 'jdk/internal/reflect/GeneratedSerializationConstructorAccessor80'
Event: 74797.136 Thread 0x0000025fad3e1800 Unloading class 0x0000000800bf7840 'jdk/internal/reflect/GeneratedSerializationConstructorAccessor79'
Event: 74797.136 Thread 0x0000025fad3e1800 Unloading class 0x0000000800bd3040 'jdk/internal/reflect/GeneratedSerializationConstructorAccessor78'
Event: 74797.136 Thread 0x0000025fad3e1800 Unloading class 0x0000000800bd4c40 'jdk/internal/reflect/GeneratedSerializationConstructorAccessor77'
Event: 74797.136 Thread 0x0000025fad3e1800 Unloading class 0x0000000800bbb840 'jdk/internal/reflect/GeneratedSerializationConstructorAccessor76'
Event: 74797.136 Thread 0x0000025fad3e1800 Unloading class 0x0000000800bf6040 'jdk/internal/reflect/GeneratedSerializationConstructorAccessor75'
Event: 76565.074 Thread 0x0000025fad3e1800 Unloading class 0x0000000800c45c40 'jdk/internal/reflect/GeneratedSerializationConstructorAccessor81'

Classes redefined (0 events):
No events

Internal exceptions (20 events):
Event: 78650.701 Thread 0x0000025fae7db000 Exception <a 'java/lang/ClassNotFoundException'{0x00000000869419b0}: org/springframework/boot/actuate/endpoint/jmx/DataEndpointMBean> (0x00000000869419b0) 
thrown [./open/src/hotspot/share/classfile/systemDictionary.cpp, line 226]
Event: 78650.702 Thread 0x0000025fae7db000 Exception <a 'java/lang/ClassNotFoundException'{0x0000000086941d58}: org/springframework/context/support/LiveBeansView> (0x0000000086941d58) 
thrown [./open/src/hotspot/share/classfile/systemDictionary.cpp, line 226]
Event: 78650.703 Thread 0x0000025fae7db000 Exception <a 'java/lang/ClassNotFoundException'{0x000000008698c0d8}: org/springframework/boot/actuate/endpoint/jmx/EndpointMBean> (0x000000008698c0d8) 
thrown [./open/src/hotspot/share/classfile/systemDictionary.cpp, line 226]
Event: 78650.705 Thread 0x0000025fae7db000 Exception <a 'java/lang/ClassNotFoundException'{0x00000000869c5078}: org/springframework/boot/actuate/endpoint/jmx/DataEndpointMBean> (0x00000000869c5078) 
thrown [./open/src/hotspot/share/classfile/systemDictionary.cpp, line 226]
Event: 78650.706 Thread 0x0000025fae7db000 Exception <a 'java/lang/ClassNotFoundException'{0x00000000869fe0a0}: org/springframework/context/support/LiveBeansView> (0x00000000869fe0a0) 
thrown [./open/src/hotspot/share/classfile/systemDictionary.cpp, line 226]
Event: 78650.706 Thread 0x0000025fae7db000 Exception <a 'java/lang/ClassNotFoundException'{0x000000008680f870}: org/springframework/boot/actuate/endpoint/jmx/EndpointMBean> (0x000000008680f870) 
thrown [./open/src/hotspot/share/classfile/systemDictionary.cpp, line 226]
Event: 78650.706 Thread 0x0000025fae7db000 Exception <a 'java/lang/ClassNotFoundException'{0x000000008680fc40}: org/springframework/boot/actuate/endpoint/jmx/DataEndpointMBean> (0x000000008680fc40) 
thrown [./open/src/hotspot/share/classfile/systemDictionary.cpp, line 226]
Event: 78650.706 Thread 0x0000025fae7db000 Exception <a 'java/lang/ClassNotFoundException'{0x0000000086810008}: org/springframework/context/support/LiveBeansView> (0x0000000086810008) 
thrown [./open/src/hotspot/share/classfile/systemDictionary.cpp, line 226]
Event: 78650.706 Thread 0x0000025fae7db000 Exception <a 'java/lang/ClassNotFoundException'{0x00000000868103c0}: org/springframework/boot/actuate/endpoint/jmx/EndpointMBean> (0x00000000868103c0) 
thrown [./open/src/hotspot/share/classfile/systemDictionary.cpp, line 226]
Event: 78650.706 Thread 0x0000025fae7db000 Exception <a 'java/lang/ClassNotFoundException'{0x0000000086810778}: org/springframework/boot/actuate/endpoint/jmx/DataEndpointMBean> (0x0000000086810778) 
thrown [./open/src/hotspot/share/classfile/systemDictionary.cpp, line 226]
Event: 78650.706 Thread 0x0000025fae7db000 Exception <a 'java/lang/ClassNotFoundException'{0x0000000086810b28}: org/springframework/context/support/LiveBeansView> (0x0000000086810b28) 
thrown [./open/src/hotspot/share/classfile/systemDictionary.cpp, line 226]
Event: 78650.706 Thread 0x0000025fae7db000 Exception <a 'java/lang/ClassNotFoundException'{0x0000000086810ee0}: org/springframework/boot/actuate/endpoint/jmx/EndpointMBean> (0x0000000086810ee0) 
thrown [./open/src/hotspot/share/classfile/systemDictionary.cpp, line 226]
Event: 78650.706 Thread 0x0000025fae7db000 Exception <a 'java/lang/ClassNotFoundException'{0x0000000086811298}: org/springframework/boot/actuate/endpoint/jmx/DataEndpointMBean> (0x0000000086811298) 
thrown [./open/src/hotspot/share/classfile/systemDictionary.cpp, line 226]
Event: 78650.706 Thread 0x0000025fae7db000 Exception <a 'java/lang/ClassNotFoundException'{0x0000000086811648}: org/springframework/context/support/LiveBeansView> (0x0000000086811648) 
thrown [./open/src/hotspot/share/classfile/systemDictionary.cpp, line 226]
Event: 80089.650 Thread 0x0000025fae7d8800 Exception <a 'java/net/SocketException'{0x0000000086a50cd8}: Connection reset by peer: shutdown> (0x0000000086a50cd8) 
thrown [./open/src/hotspot/share/prims/jni.cpp, line 620]
Event: 80109.658 Thread 0x0000025fae7d6000 Exception <a 'java/io/IOException'{0x00000000862ca140}> (0x00000000862ca140) 
thrown [./open/src/hotspot/share/prims/jni.cpp, line 599]
Event: 80112.760 Thread 0x0000025fae7d6000 Exception <a 'java/net/SocketException'{0x0000000089b034d0}: Connection reset by peer: shutdown> (0x0000000089b034d0) 
thrown [./open/src/hotspot/share/prims/jni.cpp, line 620]
Event: 80113.472 Thread 0x0000025fae7d6000 Exception <a 'java/io/IOException'{0x0000000089b04a38}> (0x0000000089b04a38) 
thrown [./open/src/hotspot/share/prims/jni.cpp, line 599]
Event: 80113.472 Thread 0x0000025fae7d6000 Exception <a 'java/io/IOException'{0x0000000089b05348}> (0x0000000089b05348) 
thrown [./open/src/hotspot/share/prims/jni.cpp, line 599]
Event: 81850.040 Thread 0x0000025fae7d8800 Exception <a 'java/lang/StackOverflowError'{0x0000000086554b30}> (0x0000000086554b30) 
thrown [./open/src/hotspot/share/runtime/sharedRuntime.cpp, line 584]

Events (20 events):
Event: 80178.099 Executing VM operation: HandshakeOneThread
Event: 80178.099 Executing VM operation: HandshakeOneThread done
Event: 80178.099 Executing VM operation: HandshakeOneThread
Event: 80178.099 Executing VM operation: HandshakeOneThread done
Event: 80178.100 Executing VM operation: HandshakeOneThread
Event: 80178.100 Executing VM operation: HandshakeOneThread done
Event: 80178.100 Executing VM operation: HandshakeOneThread
Event: 80178.100 Executing VM operation: HandshakeOneThread done
Event: 80183.102 Executing VM operation: HandshakeOneThread
Event: 80183.102 Executing VM operation: HandshakeOneThread done
Event: 80183.103 Thread 0x0000025fae7d6000 Thread exited: 0x0000025fae7d6000
Event: 80183.121 Executing VM operation: HandshakeOneThread
Event: 80183.121 Executing VM operation: HandshakeOneThread done
Event: 80183.121 Thread 0x0000025fae7d8800 Thread exited: 0x0000025fae7d8800
Event: 80443.674 Executing VM operation: G1CollectForAllocation
Event: 80443.686 Executing VM operation: G1CollectForAllocation done
Event: 81849.961 Thread 0x0000025fae7d6000 Thread added: 0x0000025fae7d6000
Event: 81849.962 Thread 0x0000025fae7d8800 Thread added: 0x0000025fae7d8800
Event: 81850.021 loading class java/lang/NullPointerException
Event: 81850.039 loading class java/lang/NullPointerException done


Dynamic libraries:
0x00007ff7c02e0000 - 0x00007ff7c02ed000 	C:\Program Files\java\jdk-14.0.1\bin\javaw.exe
0x00007ffaa2be0000 - 0x00007ffaa2dd0000 	C:\WINDOWS\SYSTEM32\ntdll.dll
0x00007ffaa0cf0000 - 0x00007ffaa0da2000 	C:\WINDOWS\System32\KERNEL32.DLL
0x00007ffa9ff70000 - 0x00007ffaa0213000 	C:\WINDOWS\System32\KERNELBASE.dll
0x00007ffaa0b90000 - 0x00007ffaa0c8a000 	C:\WINDOWS\System32\ucrtbase.dll
0x00007ffa6cd40000 - 0x00007ffa6cd58000 	C:\Program Files\java\jdk-14.0.1\bin\jli.dll
0x00007ffa6b920000 - 0x00007ffa6b935000 	C:\Program Files\java\jdk-14.0.1\bin\VCRUNTIME140.dll
0x00007ffaa1910000 - 0x00007ffaa1aa4000 	C:\WINDOWS\System32\USER32.dll
0x00007ffa794d0000 - 0x00007ffa79755000 	C:\WINDOWS\WinSxS\amd64_microsoft.windows.common-controls_6595b64144ccf1df_6.0.18362.720_none_e6beb5c51314836b\COMCTL32.dll
0x00007ffa9fbf0000 - 0x00007ffa9fc11000 	C:\WINDOWS\System32\win32u.dll
0x00007ffaa2150000 - 0x00007ffaa21ee000 	C:\WINDOWS\System32\msvcrt.dll
0x00007ffaa2430000 - 0x00007ffaa2456000 	C:\WINDOWS\System32\GDI32.dll
0x00007ffaa25d0000 - 0x00007ffaa2906000 	C:\WINDOWS\System32\combase.dll
0x00007ffa9fc80000 - 0x00007ffa9fe14000 	C:\WINDOWS\System32\gdi32full.dll
0x00007ffaa1ac0000 - 0x00007ffaa1be0000 	C:\WINDOWS\System32\RPCRT4.dll
0x00007ffa9fe20000 - 0x00007ffa9febe000 	C:\WINDOWS\System32\msvcp_win.dll
0x00007ffa9fb70000 - 0x00007ffa9fbf0000 	C:\WINDOWS\System32\bcryptPrimitives.dll
0x00007ffaa2050000 - 0x00007ffaa207e000 	C:\WINDOWS\System32\IMM32.DLL
0x00007ffa6b880000 - 0x00007ffa6b91b000 	C:\Program Files\java\jdk-14.0.1\bin\msvcp140.dll
0x00007ffa35280000 - 0x00007ffa35d9e000 	C:\Program Files\java\jdk-14.0.1\bin\server\jvm.dll
0x00007ffaa1be0000 - 0x00007ffaa1c83000 	C:\WINDOWS\System32\ADVAPI32.dll
0x00007ffaa1de0000 - 0x00007ffaa1e77000 	C:\WINDOWS\System32\sechost.dll
0x00007ffaa2140000 - 0x00007ffaa2148000 	C:\WINDOWS\System32\PSAPI.DLL
0x00007ffa910a0000 - 0x00007ffa910c4000 	C:\WINDOWS\SYSTEM32\WINMM.dll
0x00007ffa98a50000 - 0x00007ffa98a5a000 	C:\WINDOWS\SYSTEM32\VERSION.dll
0x00007ffa91000000 - 0x00007ffa9102d000 	C:\WINDOWS\SYSTEM32\winmmbase.dll
0x00007ffaa0370000 - 0x00007ffaa03ba000 	C:\WINDOWS\System32\cfgmgr32.dll
0x00007ffa82d80000 - 0x00007ffa82d89000 	C:\WINDOWS\SYSTEM32\WSOCK32.dll
0x00007ffaa1f30000 - 0x00007ffaa1f9f000 	C:\WINDOWS\System32\WS2_32.dll
0x00007ffa9fad0000 - 0x00007ffa9fae1000 	C:\WINDOWS\System32\kernel.appcore.dll
0x00007ffa9c6d0000 - 0x00007ffa9c6da000 	C:\Program Files\java\jdk-14.0.1\bin\jimage.dll
0x00007ffa9c3c0000 - 0x00007ffa9c5b4000 	C:\WINDOWS\SYSTEM32\DBGHELP.DLL
0x00007ffa8d630000 - 0x00007ffa8d65a000 	C:\WINDOWS\SYSTEM32\dbgcore.DLL
0x00007ffa73110000 - 0x00007ffa73135000 	C:\Program Files\java\jdk-14.0.1\bin\java.dll
0x00007ffa863f0000 - 0x00007ffa86406000 	C:\Program Files\java\jdk-14.0.1\bin\zip.dll
0x00007ffaa0db0000 - 0x00007ffaa1495000 	C:\WINDOWS\System32\SHELL32.dll
0x00007ffaa1fa0000 - 0x00007ffaa2049000 	C:\WINDOWS\System32\shcore.dll
0x00007ffaa03f0000 - 0x00007ffaa0b70000 	C:\WINDOWS\System32\windows.storage.dll
0x00007ffa9fb40000 - 0x00007ffa9fb63000 	C:\WINDOWS\System32\profapi.dll
0x00007ffa9faf0000 - 0x00007ffa9fb3a000 	C:\WINDOWS\System32\powrprof.dll
0x00007ffa9faa0000 - 0x00007ffa9fab0000 	C:\WINDOWS\System32\UMPDC.dll
0x00007ffaa20e0000 - 0x00007ffaa2132000 	C:\WINDOWS\System32\shlwapi.dll
0x00007ffaa0b70000 - 0x00007ffaa0b87000 	C:\WINDOWS\System32\cryptsp.dll
0x00007ffa77840000 - 0x00007ffa77859000 	C:\Program Files\java\jdk-14.0.1\bin\net.dll
0x00007ffa9b2f0000 - 0x00007ffa9b3e1000 	C:\WINDOWS\SYSTEM32\WINHTTP.dll
0x00007ffa9f310000 - 0x00007ffa9f377000 	C:\WINDOWS\system32\mswsock.dll
0x00007ffa72a00000 - 0x00007ffa72a12000 	C:\Program Files\java\jdk-14.0.1\bin\nio.dll
0x00007ffa99460000 - 0x00007ffa99469000 	C:\Program Files\java\jdk-14.0.1\bin\management.dll
0x00007ffa94580000 - 0x00007ffa9458b000 	C:\Program Files\java\jdk-14.0.1\bin\management_ext.dll
0x00007ffa9f060000 - 0x00007ffa9f12a000 	C:\WINDOWS\SYSTEM32\DNSAPI.dll
0x00007ffaa2460000 - 0x00007ffaa2468000 	C:\WINDOWS\System32\NSI.dll
0x00007ffa9f020000 - 0x00007ffa9f05a000 	C:\WINDOWS\SYSTEM32\IPHLPAPI.DLL
0x00007ffa99860000 - 0x00007ffa9986a000 	C:\Windows\System32\rasadhlp.dll
0x00007ffa94fe0000 - 0x00007ffa95057000 	C:\WINDOWS\System32\fwpuclnt.dll
0x00007ffaa03c0000 - 0x00007ffaa03e6000 	C:\WINDOWS\System32\bcrypt.dll
0x00007ffa89a90000 - 0x00007ffa89aa6000 	C:\WINDOWS\system32\napinsp.dll
0x00007ffa89a70000 - 0x00007ffa89a8a000 	C:\WINDOWS\system32\pnrpnsp.dll
0x00007ffa89ac0000 - 0x00007ffa89ace000 	C:\WINDOWS\System32\winrnr.dll
0x00007ffa9c5d0000 - 0x00007ffa9c5ec000 	C:\WINDOWS\system32\NLAapi.dll
0x00007ffa9b440000 - 0x00007ffa9b455000 	C:\WINDOWS\system32\wshbth.dll
0x00007ffa9ee80000 - 0x00007ffa9eeb3000 	C:\WINDOWS\system32\rsaenh.dll
0x00007ffa9f9c0000 - 0x00007ffa9f9e5000 	C:\WINDOWS\SYSTEM32\USERENV.dll
0x00007ffa9f4e0000 - 0x00007ffa9f4ec000 	C:\WINDOWS\SYSTEM32\CRYPTBASE.dll
0x00007ffa988f0000 - 0x00007ffa98906000 	C:\WINDOWS\SYSTEM32\dhcpcsvc6.DLL
0x00007ffa98a30000 - 0x00007ffa98a4c000 	C:\WINDOWS\SYSTEM32\dhcpcsvc.DLL
0x00007ffa93110000 - 0x00007ffa9311e000 	C:\Program Files\java\jdk-14.0.1\bin\sunmscapi.dll
0x00007ffaa0220000 - 0x00007ffaa0369000 	C:\WINDOWS\System32\CRYPT32.dll
0x00007ffa9fab0000 - 0x00007ffa9fac2000 	C:\WINDOWS\System32\MSASN1.dll
0x00007ffa9f5e0000 - 0x00007ffa9f606000 	C:\WINDOWS\SYSTEM32\ncrypt.dll
0x00007ffa9f5a0000 - 0x00007ffa9f5db000 	C:\WINDOWS\SYSTEM32\NTASN1.dll
0x00007ffa6b850000 - 0x00007ffa6b875000 	C:\Program Files\java\jdk-14.0.1\bin\sunec.dll
0x00007ffa33b40000 - 0x00007ffa33cd7000 	C:\Program Files\java\jdk-14.0.1\bin\awt.dll
0x00007ffaa1c90000 - 0x00007ffaa1d54000 	C:\WINDOWS\System32\OLEAUT32.dll
0x00007ffa9dc00000 - 0x00007ffa9dc8f000 	C:\WINDOWS\SYSTEM32\apphelp.dll
0x00007ffa9e130000 - 0x00007ffa9e15d000 	C:\WINDOWS\system32\DWMAPI.DLL
0x00007ffa9dcf0000 - 0x00007ffa9dd89000 	C:\WINDOWS\system32\uxtheme.dll
0x00007ffa5fbd0000 - 0x00007ffa5fc52000 	C:\Program Files\java\jdk-14.0.1\bin\freetype.dll
0x00007ffa5fb20000 - 0x00007ffa5fbc6000 	C:\Program Files\java\jdk-14.0.1\bin\fontmanager.dll

dbghelp: loaded successfully - version: 4.0.5 - missing functions: none
symbol engine: initialized successfully - sym options: 0x614 - pdb path: .;C:\Program Files\java\jdk-14.0.1\bin;C:\WINDOWS\SYSTEM32;C:\WINDOWS\WinSxS\amd64_microsoft.windows.common-controls_6595b64144ccf1df_6.0.18362.720_none_e6beb5c51314836b;C:\Program Files\java\jdk-14.0.1\bin\server

VM Arguments:
jvm_args: -Dcom.sun.management.jmxremote -Dcom.sun.management.jmxremote.port=55329 -Dcom.sun.management.jmxremote.authenticate=false -Dcom.sun.management.jmxremote.ssl=false -Djava.rmi.server.hostname=localhost -Dspring.jmx.enabled=true -Dspring.application.admin.enabled=true -Xverify:none -XX:TieredStopAtLevel=1 -Dfile.encoding=UTF-8 
java_command: com.app.SpringbootJasperReportApplication --spring.output.ansi.enabled=always
java_class_path (initial): E:\spring boot practice\springboot-jasper-report\target\classes;C:\Users\shubh\.m2\repository\org\springframework\boot\spring-boot-starter-data-jpa\2.2.6.RELEASE\spring-boot-starter-data-jpa-2.2.6.RELEASE.jar;C:\Users\shubh\.m2\repository\org\springframework\boot\spring-boot-starter-aop\2.2.6.RELEASE\spring-boot-starter-aop-2.2.6.RELEASE.jar;C:\Users\shubh\.m2\repository\org\springframework\spring-aop\5.2.5.RELEASE\spring-aop-5.2.5.RELEASE.jar;C:\Users\shubh\.m2\repository\org\aspectj\aspectjweaver\1.9.5\aspectjweaver-1.9.5.jar;C:\Users\shubh\.m2\repository\org\springframework\boot\spring-boot-starter-jdbc\2.2.6.RELEASE\spring-boot-starter-jdbc-2.2.6.RELEASE.jar;C:\Users\shubh\.m2\repository\com\zaxxer\HikariCP\3.4.2\HikariCP-3.4.2.jar;C:\Users\shubh\.m2\repository\org\springframework\spring-jdbc\5.2.5.RELEASE\spring-jdbc-5.2.5.RELEASE.jar;C:\Users\shubh\.m2\repository\jakarta\activation\jakarta.activation-api\1.2.2\jakarta.activation-api-1.2.2.jar;C:\Users\shubh\.m2\repository\jakarta\persistence\jakarta.persistence-api\2.2.3\jakarta.persistence-api-2.2.3.jar;C:\Users\shubh\.m2\repository\jakarta\transaction\jakarta.transaction-api\1.3.3\jakarta.transaction-api-1.3.3.jar;C:\Users\shubh\.m2\repository\org\hibernate\hibernate-core\5.4.12.Final\hibernate-core-5.4.12.Final.jar;C:\Users\shubh\.m2\repository\org\jboss\logging\jboss-logging\3.4.1.Final\jboss-logging-3.4.1.Final.jar;C:\Users\shubh\.m2\repository\org\javassist\javassist\3.24.0-GA\javassist-3.24.0-GA.jar;C:\Users\shubh\.m2\repository\net\bytebuddy\byte-buddy\1.10.8\byte-buddy-1.10.8.jar;C:\Users\shubh\.m2\repository\antlr\antlr\2.7.7\antlr-2.7.7.jar;C:\Users\shubh\.m2\repository\org\jboss\jandex\2.1.1.Final\jandex-2.1.1.Final.jar;C:\Users\shubh\.m2\repository\com\fasterxml\classmate\1.5.1\classmate-1.5.1.jar;C:\Users\shubh\.m2\repository\org\dom4j\dom4j\2.1.1\dom4j-2.1.1.jar;C:\Users\shubh\.m2\repository\org\hibernate\common\hibernate-commons-annotations\5.1.0.Final\hibernate-com
Launcher Type: SUN_STANDARD

[Global flags]
     intx CICompilerCount                          = 4                                         {product} {ergonomic}
     uint ConcGCThreads                            = 2                                         {product} {ergonomic}
     uint G1ConcRefinementThreads                  = 8                                         {product} {ergonomic}
   size_t G1HeapRegionSize                         = 1048576                                   {product} {ergonomic}
    uintx GCDrainStackTargetSize                   = 64                                        {product} {ergonomic}
   size_t InitialHeapSize                          = 132120576                                 {product} {ergonomic}
     bool ManagementServer                         = true                                      {product} {command line}
   size_t MarkStackSize                            = 4194304                                   {product} {ergonomic}
   size_t MaxHeapSize                              = 2109734912                                {product} {ergonomic}
   size_t MaxNewSize                               = 1265631232                                {product} {ergonomic}
   size_t MinHeapDeltaBytes                        = 1048576                                   {product} {ergonomic}
   size_t MinHeapSize                              = 8388608                                   {product} {ergonomic}
    uintx NonNMethodCodeHeapSize                   = 7549744                                {pd product} {ergonomic}
    uintx NonProfiledCodeHeapSize                  = 244108496                              {pd product} {ergonomic}
    uintx ProfiledCodeHeapSize                     = 0                                      {pd product} {ergonomic}
    uintx ReservedCodeCacheSize                    = 251658240                              {pd product} {ergonomic}
     bool SegmentedCodeCache                       = true                                      {product} {ergonomic}
   size_t SoftMaxHeapSize                          = 2109734912                             {manageable} {ergonomic}
     intx TieredStopAtLevel                        = 1                                         {product} {command line}
     bool UseCompressedClassPointers               = true                                 {lp64_product} {ergonomic}
     bool UseCompressedOops                        = true                                 {lp64_product} {ergonomic}
     bool UseG1GC                                  = true                                      {product} {ergonomic}
     bool UseLargePagesIndividualAllocation        = false                                  {pd product} {ergonomic}

Logging:
Log output configuration:
 #0: stdout all=warning uptime,level,tags
 #1: stderr all=off uptime,level,tags

Environment Variables:
PATH=C:/Program Files/java/jdk-14.0.1/bin/server;C:/Program Files/java/jdk-14.0.1/bin;C:\Program Files (x86)\Intel\Intel(R) Management Engine Components\iCLS\;C:\Program Files\Intel\Intel(R) Management Engine Components\iCLS\;C:\Windows\system32;C:\Windows;C:\Windows\System32\Wbem;C:\Windows\System32\WindowsPowerShell\v1.0\;C:\Windows\System32\OpenSSH\;C:\Program Files (x86)\Intel\Intel(R) Management Engine Components\DAL;C:\Program Files\Intel\Intel(R) Management Engine Components\DAL;C:\Program Files\Intel\WiFi\bin\;C:\Program Files\Common Files\Intel\WirelessCommon\;C:\Program Files (x86)\NVIDIA Corporation\PhysX\Common;C:\WINDOWS\system32;C:\WINDOWS;C:\WINDOWS\System32\Wbem;C:\WINDOWS\System32\WindowsPowerShell\v1.0\;C:\WINDOWS\System32\OpenSSH\;C:\Program Files\nodejs\;C:\Program Files\MySQL\MySQL Shell 8.0\bin\;C:\Program Files\java\jdk-14.0.1\bin;C:\MinGW\bin;C:\Users\shubh\AppData\Local\Microsoft\WindowsApps;C:\Users\shubh\AppData\Local\Programs\Microsoft VS Code\bin;C:\Users\shubh\AppData\Roaming\npm;;C:\sts-4.4.0.RELEASE;
USERNAME=shubh
OS=Windows_NT
PROCESSOR_IDENTIFIER=Intel64 Family 6 Model 142 Stepping 11, GenuineIntel



---------------  S Y S T E M  ---------------

OS: Windows 10 , 64 bit Build 18362 (10.0.18362.329)
OS uptime: 31 days 2:38 hours

CPU:total 8 (initial active 8) (4 cores per cpu, 2 threads per core) family 6 model 142 stepping 11, cmov, cx8, fxsr, mmx, sse, sse2, sse3, ssse3, sse4.1, sse4.2, popcnt, avx, avx2, aes, clmul, erms, 3dnowpref, lzcnt, ht, tsc, tscinvbit, bmi1, bmi2, adx, fma

Memory: 4k page, system-wide physical 8042M (1168M free)
TotalPageFile size 17453M (AvailPageFile size 3694M)
current process WorkingSet (physical memory assigned to process): 147M, peak: 253M
current process commit charge ("private bytes"): 301M, peak: 301M

vm_info: OpenJDK 64-Bit Server VM (14.0.1+7) for windows-amd64 JRE (14.0.1+7), built on Mar  5 2020 10:30:04 by "mach5one" with MS VC++ 15.9 (VS2017)

END.
